\BOOKMARK [0][-]{section*.1}{\376\377\000\315\000n\000d\000i\000c\000e\000\040\000g\000e\000n\000e\000r\000a\000l}{}% 1
\BOOKMARK [0][-]{section*.2}{\376\377\000\315\000n\000d\000i\000c\000e\000\040\000d\000e\000\040\000f\000i\000g\000u\000r\000a\000s}{}% 2
\BOOKMARK [0][-]{section*.3}{\376\377\000\315\000n\000d\000i\000c\000e\000\040\000d\000e\000\040\000t\000a\000b\000l\000a\000s}{}% 3
\BOOKMARK [0][-]{chapter.1}{\376\377\000I\000n\000t\000r\000o\000d\000u\000c\000c\000i\000\363\000n}{}% 4
\BOOKMARK [1][-]{section.1.1}{\376\377\000M\000o\000t\000i\000v\000a\000c\000i\000\363\000n}{chapter.1}% 5
\BOOKMARK [1][-]{section.1.2}{\376\377\000O\000b\000j\000e\000t\000i\000v\000o\000s}{chapter.1}% 6
\BOOKMARK [1][-]{section.1.3}{\376\377\000E\000s\000t\000r\000u\000c\000t\000u\000r\000a\000\040\000d\000e\000\040\000l\000a\000\040\000m\000e\000m\000o\000r\000i\000a}{chapter.1}% 7
\BOOKMARK [0][-]{chapter.2}{\376\377\000F\000u\000n\000d\000a\000m\000e\000n\000t\000o\000s}{}% 8
\BOOKMARK [1][-]{section.2.1}{\376\377\000A\000p\000r\000e\000n\000d\000i\000z\000a\000j\000e\000\040\000a\000u\000t\000o\000m\000\341\000t\000i\000c\000o}{chapter.2}% 9
\BOOKMARK [1][-]{section.2.2}{\376\377\000R\000e\000d\000e\000s\000\040\000n\000e\000u\000r\000o\000n\000a\000l\000e\000s}{chapter.2}% 10
\BOOKMARK [2][-]{subsection.2.2.1}{\376\377\000P\000e\000r\000c\000e\000p\000t\000r\000\363\000n\000\040\000m\000u\000l\000t\000i\000c\000a\000p\000a}{section.2.2}% 11
\BOOKMARK [2][-]{subsection.2.2.2}{\376\377\000R\000e\000d\000e\000s\000\040\000n\000e\000u\000r\000o\000n\000a\000l\000e\000s\000\040\000p\000a\000r\000a\000\040\000s\000e\000c\000u\000e\000n\000c\000i\000a\000s\000\040\000d\000e\000\040\000t\000e\000x\000t\000o}{section.2.2}% 12
\BOOKMARK [2][-]{subsection.2.2.3}{\376\377\000M\000o\000d\000e\000l\000o\000s\000\040\000e\000n\000c\000o\000d\000e\000r\000-\000d\000e\000c\000o\000d\000e\000r}{section.2.2}% 13
\BOOKMARK [2][-]{subsection.2.2.4}{\376\377\000A\000t\000e\000n\000c\000i\000\363\000n}{section.2.2}% 14
\BOOKMARK [1][-]{section.2.3}{\376\377\000T\000r\000a\000n\000s\000f\000o\000r\000m\000e\000r\000s}{chapter.2}% 15
\BOOKMARK [2][-]{subsection.2.3.1}{\376\377\000E\000s\000t\000r\000u\000c\000t\000u\000r\000a\000\040\000d\000e\000l\000\040\000T\000r\000a\000n\000s\000f\000o\000r\000m\000e\000r}{section.2.3}% 16
\BOOKMARK [2][-]{subsection.2.3.2}{\376\377\000C\000a\000p\000a\000s\000\040\000d\000e\000\040\000m\000u\000l\000t\000i\000-\000h\000e\000a\000d\000\040\000a\000t\000t\000e\000n\000t\000i\000o\000n}{section.2.3}% 17
\BOOKMARK [2][-]{subsection.2.3.3}{\376\377\000C\000a\000p\000a\000s\000\040\000d\000e\000\040\000r\000e\000d\000e\000s\000\040\000f\000e\000e\000d\000-\000f\000o\000r\000w\000a\000r\000d}{section.2.3}% 18
\BOOKMARK [2][-]{subsection.2.3.4}{\376\377\000C\000a\000p\000a\000s\000\040\000d\000e\000\040\000n\000o\000r\000m\000a\000l\000i\000z\000a\000c\000i\000\363\000n}{section.2.3}% 19
\BOOKMARK [1][-]{section.2.4}{\376\377\000M\000o\000d\000e\000l\000o\000s\000\040\000d\000e\000\040\000l\000e\000n\000g\000u\000a\000j\000e\000\040\000g\000r\000a\000n\000d\000e\000s}{chapter.2}% 20
\BOOKMARK [2][-]{subsection.2.4.1}{\376\377\000P\000r\000o\000m\000p\000t\000i\000n\000g}{section.2.4}% 21
\BOOKMARK [2][-]{subsection.2.4.2}{\376\377\000G\000e\000n\000e\000r\000a\000c\000i\000\363\000n\000\040\000d\000e\000\040\000r\000e\000s\000p\000u\000e\000s\000t\000a\000s}{section.2.4}% 22
\BOOKMARK [2][-]{subsection.2.4.3}{\376\377\000M\000\351\000t\000o\000d\000o\000s\000\040\000d\000e\000\040\000g\000e\000n\000e\000r\000a\000c\000i\000\363\000n\000\040\000p\000o\000r\000\040\000s\000a\000m\000p\000l\000i\000n\000g}{section.2.4}% 23
\BOOKMARK [2][-]{subsection.2.4.4}{\376\377\000A\000r\000q\000u\000i\000t\000e\000c\000t\000u\000r\000a\000s\000\040\000d\000e\000\040\000l\000o\000s\000\040\000L\000L\000M}{section.2.4}% 24
\BOOKMARK [0][-]{chapter.3}{\376\377\000A\000d\000a\000p\000t\000a\000c\000i\000\363\000n\000\040\000y\000\040\000e\000v\000a\000l\000u\000a\000c\000i\000\363\000n\000\040\000d\000e\000\040\000m\000o\000d\000e\000l\000o\000s\000\040\000d\000e\000\040\000l\000e\000n\000g\000u\000a\000j\000e\000\040\000g\000r\000a\000n\000d\000e\000s}{}% 25
\BOOKMARK [1][-]{section.3.1}{\376\377\000M\000o\000d\000e\000l\000o\000s\000\040\000d\000e\000\040\000l\000e\000n\000g\000u\000a\000j\000e\000\040\000u\000t\000i\000l\000i\000z\000a\000d\000o\000s}{chapter.3}% 26
\BOOKMARK [1][-]{section.3.2}{\376\377\000A\000j\000u\000s\000t\000e\000\040\000d\000e\000\040\000L\000L\000M}{chapter.3}% 27
\BOOKMARK [2][-]{subsection.3.2.1}{\376\377\000A\000p\000r\000e\000n\000d\000i\000z\000a\000j\000e\000\040\000p\000o\000r\000\040\000t\000r\000a\000n\000s\000f\000e\000r\000e\000n\000c\000i\000a}{section.3.2}% 28
\BOOKMARK [1][-]{section.3.3}{\376\377\000F\000i\000n\000e\000-\000t\000u\000n\000i\000n\000g}{chapter.3}% 29
\BOOKMARK [2][-]{subsection.3.3.1}{\376\377\000A\000d\000a\000p\000t\000a\000d\000o\000r\000e\000s}{section.3.3}% 30
\BOOKMARK [1][-]{section.3.4}{\376\377\000P\000a\000r\000a\000m\000e\000t\000e\000r\000-\000e\000f\000f\000i\000c\000i\000e\000n\000t\000\040\000f\000i\000n\000e\000-\000t\000u\000n\000i\000n\000g\000\040\000\050\000P\000E\000F\000T\000\051}{chapter.3}% 31
\BOOKMARK [2][-]{subsection.3.4.1}{\376\377\000L\000o\000w\000-\000R\000a\000n\000k\000\040\000A\000d\000a\000p\000t\000a\000t\000i\000o\000n\000\040\000\050\000L\000o\000R\000A\000\051}{section.3.4}% 32
\BOOKMARK [1][-]{section.3.5}{\376\377\000C\000u\000a\000n\000t\000i\000z\000a\000c\000i\000\363\000n}{chapter.3}% 33
\BOOKMARK [1][-]{section.3.6}{\376\377\000M\000e\000d\000i\000d\000a\000s\000\040\000d\000e\000\040\000e\000v\000a\000l\000u\000a\000c\000i\000\363\000n}{chapter.3}% 34
\BOOKMARK [2][-]{subsection.3.6.1}{\376\377\000B\000L\000E\000U}{section.3.6}% 35
\BOOKMARK [2][-]{subsection.3.6.2}{\376\377\000C\000O\000M\000E\000T}{section.3.6}% 36
\BOOKMARK [0][-]{chapter.4}{\376\377\000E\000x\000p\000e\000r\000i\000m\000e\000n\000t\000o\000s\000\040\000r\000e\000a\000l\000i\000z\000a\000d\000o\000s}{}% 37
\BOOKMARK [1][-]{section.4.1}{\376\377\000D\000a\000t\000o\000s\000\040\000u\000t\000i\000l\000i\000z\000a\000d\000o\000s}{chapter.4}% 38
\BOOKMARK [2][-]{subsection.4.1.1}{\376\377\000P\000r\000e\000p\000r\000o\000c\000e\000s\000a\000m\000i\000e\000n\000t\000o\000\040\000d\000e\000\040\000l\000o\000s\000\040\000d\000a\000t\000o\000s}{section.4.1}% 39
\BOOKMARK [2][-]{subsection.4.1.2}{\376\377\000P\000a\000r\000t\000i\000c\000i\000\363\000n\000\040\000d\000e\000\040\000l\000o\000s\000\040\000d\000a\000t\000o\000s\000\040\000e\000n\000\040\000e\000n\000t\000r\000e\000n\000a\000m\000i\000e\000n\000t\000o\000,\000\040\000v\000a\000l\000i\000d\000a\000c\000i\000\363\000n\000\040\000y\000\040\000t\000e\000s\000t}{section.4.1}% 40
\BOOKMARK [1][-]{section.4.2}{\376\377\000M\000o\000d\000e\000l\000o\000s\000\040\000d\000e\000\040\000l\000e\000n\000g\000u\000a\000j\000e\000\040\000u\000t\000i\000l\000i\000z\000a\000d\000o\000s\000\040\000y\000\040\000m\000\351\000t\000o\000d\000o\000\040\000d\000e\000\040\000e\000n\000t\000r\000e\000n\000a\000m\000i\000e\000n\000t\000o}{chapter.4}% 41
\BOOKMARK [1][-]{section.4.3}{\376\377\000E\000x\000p\000e\000r\000i\000m\000e\000n\000t\000o\000s\000\040\000r\000e\000a\000l\000i\000z\000a\000d\000o\000s\000\040\000c\000o\000n\000\040\000e\000l\000\040\000c\000o\000n\000j\000u\000n\000t\000o\000\040\000e\000n\000\040\000e\000s\000p\000a\000\361\000o\000l}{chapter.4}% 42
\BOOKMARK [2][-]{subsection.4.3.1}{\376\377\000E\000x\000p\000l\000o\000r\000a\000c\000i\000\363\000n\000\040\000d\000e\000\040\000v\000a\000l\000o\000r\000e\000s\000\040\000d\000e\000\040\000a\000l\000p\000h\000a}{section.4.3}% 43
\BOOKMARK [2][-]{subsection.4.3.2}{\376\377\000V\000a\000l\000i\000d\000a\000c\000i\000\363\000n\000\040\000d\000e\000l\000\040\000m\000o\000d\000e\000l\000o\000\040\000f\000i\000n\000a\000l}{section.4.3}% 44
\BOOKMARK [2][-]{subsection.4.3.3}{\376\377\000C\000o\000m\000p\000a\000r\000a\000c\000i\000\363\000n\000\040\000c\000o\000n\000\040\000l\000o\000s\000\040\000r\000e\000s\000u\000l\000t\000a\000d\000o\000s\000\040\000o\000b\000t\000e\000n\000i\000d\000o\000s\000\040\000m\000e\000d\000i\000a\000n\000t\000e\000\040\000p\000r\000o\000m\000p\000t\000i\000n\000g}{section.4.3}% 45
\BOOKMARK [1][-]{section.4.4}{\376\377\000E\000x\000p\000e\000r\000i\000m\000e\000n\000t\000o\000s\000\040\000a\000d\000i\000c\000i\000o\000n\000a\000l\000e\000s\000\040\000c\000o\000n\000\040\000e\000l\000\040\000c\000o\000n\000j\000u\000n\000t\000o\000\040\000e\000n\000\040\000i\000n\000g\000l\000\351\000s}{chapter.4}% 46
\BOOKMARK [2][-]{subsection.4.4.1}{\376\377\000E\000x\000p\000l\000o\000r\000a\000c\000i\000\363\000n\000\040\000d\000e\000\040\000v\000a\000l\000o\000r\000e\000s\000\040\000d\000e\000\040\000a\000l\000p\000h\000a}{section.4.4}% 47
\BOOKMARK [2][-]{subsection.4.4.2}{\376\377\000E\000v\000a\000l\000u\000a\000c\000i\000\363\000n\000\040\000d\000e\000l\000\040\000m\000o\000d\000e\000l\000o\000\040\000f\000i\000n\000a\000l\000\040\000e\000n\000\040\000e\000l\000\040\000c\000o\000n\000j\000u\000n\000t\000o\000\040\000d\000e\000\040\000t\000e\000s\000t}{section.4.4}% 48
\BOOKMARK [2][-]{subsection.4.4.3}{\376\377\000C\000o\000m\000p\000a\000r\000a\000c\000i\000\363\000n\000\040\000c\000o\000n\000\040\000l\000o\000s\000\040\000r\000e\000s\000u\000l\000t\000a\000d\000o\000s\000\040\000o\000b\000t\000e\000n\000i\000d\000o\000s\000\040\000m\000e\000d\000i\000a\000n\000t\000e\000\040\000p\000r\000o\000m\000p\000t\000i\000n\000g}{section.4.4}% 49
\BOOKMARK [0][-]{chapter.5}{\376\377\000A\000n\000\341\000l\000i\000s\000i\000s\000\040\000p\000o\000s\000t\000e\000r\000i\000o\000r\000e\000s\000\040\000d\000e\000l\000\040\000m\000o\000d\000e\000l\000o\000\040\000e\000n\000\040\000e\000s\000p\000a\000\361\000o\000l}{}% 50
\BOOKMARK [1][-]{section.5.1}{\376\377\000C\000o\000m\000p\000a\000r\000a\000c\000i\000\363\000n\000\040\000c\000o\000n\000\040\000o\000t\000r\000o\000s\000\040\000m\000o\000d\000e\000l\000o\000s}{chapter.5}% 51
\BOOKMARK [1][-]{section.5.2}{\376\377\000C\000o\000m\000p\000a\000r\000a\000c\000i\000\363\000n\000\040\000c\000o\000n\000\040\000p\000e\000r\000s\000o\000n\000a\000s}{chapter.5}% 52
\BOOKMARK [1][-]{section.5.3}{\376\377\000A\000n\000\341\000l\000i\000s\000i\000s\000\040\000d\000e\000\040\000e\000r\000r\000o\000r\000e\000s}{chapter.5}% 53
\BOOKMARK [0][-]{chapter.6}{\376\377\000C\000o\000n\000c\000l\000u\000s\000i\000o\000n\000e\000s}{}% 54
\BOOKMARK [1][-]{section.6.1}{\376\377\000O\000b\000j\000e\000t\000i\000v\000o\000s\000\040\000c\000u\000m\000p\000l\000i\000d\000o\000s}{chapter.6}% 55
\BOOKMARK [1][-]{section.6.2}{\376\377\000P\000r\000o\000p\000u\000e\000s\000t\000a\000\040\000d\000e\000\040\000t\000r\000a\000b\000a\000j\000o\000\040\000f\000u\000t\000u\000r\000o}{chapter.6}% 56
\BOOKMARK [1][-]{section.6.3}{\376\377\000L\000e\000g\000a\000d\000o}{chapter.6}% 57
\BOOKMARK [1][-]{section.6.4}{\376\377\000R\000e\000l\000a\000c\000i\000\363\000n\000\040\000d\000e\000l\000\040\000t\000r\000a\000b\000a\000j\000o\000\040\000d\000e\000s\000a\000r\000r\000o\000l\000l\000a\000d\000o\000\040\000c\000o\000n\000\040\000l\000o\000s\000\040\000e\000s\000t\000u\000d\000i\000o\000s\000\040\000c\000u\000r\000s\000a\000d\000o\000s}{chapter.6}% 58
